Cloning 'git@github.com:milaboratory/pl.git@main' into tmp directory '/Users/denkoren/work/milaboratory/platforma/platforma/lib/node/pl-drivers/proto/tmp-repo'
    Cloning into '/Users/denkoren/work/milaboratory/platforma/platforma/lib/node/pl-drivers/proto/tmp-repo'...
Updating protocol...
  updating 'controllers/shared/grpc' proto definitions...
    - 'progressapi/'
      building file list ... done
      ./
      openapi.yaml
      protocol.proto
      
      sent 6619 bytes  received 70 bytes  13378.00 bytes/sec
      total size is 6404  speedup is 0.96

    - 'streamingapi/'
      building file list ... done
      ./
      openapi.yaml
      protocol.proto
      
      sent 27262 bytes  received 70 bytes  54664.00 bytes/sec
      total size is 27047  speedup is 0.99

    - 'downloadapi/'
      building file list ... done
      ./
      openapi.yaml
      protocol.proto
      
      sent 5361 bytes  received 70 bytes  10862.00 bytes/sec
      total size is 5146  speedup is 0.95

    - 'lsapi/'
      building file list ... done
      ./
      openapi.yaml
      protocol.proto
      
      sent 11846 bytes  received 70 bytes  23832.00 bytes/sec
      total size is 11631  speedup is 0.98

    - 'uploadapi/'
      building file list ... done
      ./
      openapi.yaml
      protocol.proto
      
      sent 18916 bytes  received 70 bytes  37972.00 bytes/sec
      total size is 18701  speedup is 0.98

    - 'protodep.toml'
      building file list ... done
      protodep.toml
      
      sent 241 bytes  received 42 bytes  566.00 bytes/sec
      total size is 108  speedup is 0.38

    - 'protodep.lock'
      building file list ... done
      protodep.lock
      
      sent 369 bytes  received 42 bytes  822.00 bytes/sec
      total size is 236  speedup is 0.57

  updating proto dependencies...
