Syncing 'MILAB-3052_1' proto version...
  Cloning 'git@github.com:milaboratory/pl.git' into tmp directory /Users/vadimpiven/Documents/MiLabs/git/platforma/lib/node/pl-client/proto/plapi/tmp-repo
    Cloning into '/Users/vadimpiven/Documents/MiLabs/git/platforma/lib/node/pl-client/proto/plapi/tmp-repo'...
  Syncing proto files from 'plapi'
    - 'plapiproto/'
      sending incremental file list
      ./
      api.proto
      api_types.proto
      base_types.proto
      import.proto
      resource_types.proto
      
      sent 43,532 bytes  received 114 bytes  87,292.00 bytes/sec
      total size is 43,122  speedup is 0.99

    - 'plapi/'
      sending incremental file list
      ./
      
      sent 65 bytes  received 19 bytes  168.00 bytes/sec
      total size is 0  speedup is 0.00

    - 'protodep.toml'
      sending incremental file list
      protodep.toml
      
      sent 255 bytes  received 35 bytes  580.00 bytes/sec
      total size is 138  speedup is 0.48

    - 'protodep.lock'
      sending incremental file list
      protodep.lock
      
      sent 353 bytes  received 35 bytes  776.00 bytes/sec
      total size is 236  speedup is 0.61

  Syncing shared proto files from 'controllers/shared/grpc'
    - 'progressapi/'
      sending incremental file list
      ./
      protocol.proto
      
      sent 1,356 bytes  received 38 bytes  2,788.00 bytes/sec
      total size is 1,220  speedup is 0.88

    - 'streamingapi/'
      sending incremental file list
      ./
      protocol.proto
      
      sent 9,033 bytes  received 38 bytes  18,142.00 bytes/sec
      total size is 8,897  speedup is 0.98

    - 'downloadapi/'
      sending incremental file list
      ./
      protocol.proto
      
      sent 1,254 bytes  received 38 bytes  2,584.00 bytes/sec
      total size is 1,118  speedup is 0.87

    - 'lsapi/'
      sending incremental file list
      ./
      protocol.proto
      
      sent 4,996 bytes  received 38 bytes  10,068.00 bytes/sec
      total size is 4,860  speedup is 0.97

    - 'protodep.toml'
      sending incremental file list
      protodep.toml
      
      sent 225 bytes  received 35 bytes  520.00 bytes/sec
      total size is 108  speedup is 0.42

    - 'protodep.lock'
      sending incremental file list
      protodep.lock
      
      sent 323 bytes  received 35 bytes  716.00 bytes/sec
      total size is 206  speedup is 0.58

Updating dependencies...
